2021-03-02 09:32:08.468  WARN 2616 --- [main] JpaBaseConfiguration$JpaWebConfiguration : spring.jpa.open-in-view is enabled by default. Therefore, database queries may be performed during view rendering. Explicitly configure spring.jpa.open-in-view to disable this warning
2021-03-02 21:26:39.887 DEBUG 17188 --- [main] org.hibernate.SQL                        : create table chat (id bigint not null, nickname varchar(255), sessione varchar(255), primary key (id)) engine=InnoDB
2021-03-02 21:26:39.901 DEBUG 17188 --- [main] org.hibernate.SQL                        : create table hibernate_sequence (next_val bigint) engine=InnoDB
2021-03-02 21:26:39.908 DEBUG 17188 --- [main] org.hibernate.SQL                        : insert into hibernate_sequence values ( 1 )
2021-03-02 21:26:39.910 DEBUG 17188 --- [main] org.hibernate.SQL                        : create table messaggio (id bigint not null, alias_destinatario varchar(255), alias_mittente varchar(255), testo varchar(255), primary key (id)) engine=InnoDB
2021-03-02 21:26:40.344  WARN 17188 --- [main] JpaBaseConfiguration$JpaWebConfiguration : spring.jpa.open-in-view is enabled by default. Therefore, database queries may be performed during view rendering. Explicitly configure spring.jpa.open-in-view to disable this warning
2021-03-02 21:26:51.968  WARN 4368 --- [main] JpaBaseConfiguration$JpaWebConfiguration : spring.jpa.open-in-view is enabled by default. Therefore, database queries may be performed during view rendering. Explicitly configure spring.jpa.open-in-view to disable this warning
2021-03-02 21:29:29.106  WARN 19072 --- [main] JpaBaseConfiguration$JpaWebConfiguration : spring.jpa.open-in-view is enabled by default. Therefore, database queries may be performed during view rendering. Explicitly configure spring.jpa.open-in-view to disable this warning
2021-03-02 21:29:29.404  WARN 19072 --- [main] ConfigServletWebServerApplicationContext : Exception encountered during context initialization - cancelling refresh attempt: org.springframework.context.ApplicationContextException: Failed to start bean 'webServerStartStop'; nested exception is org.springframework.boot.web.server.PortInUseException: Port 8080 is already in use
2021-03-02 21:29:29.432 ERROR 19072 --- [main] o.s.b.d.LoggingFailureAnalysisReporter   : 

***************************
APPLICATION FAILED TO START
***************************

Description:

Web server failed to start. Port 8080 was already in use.

Action:

Identify and stop the process that's listening on port 8080 or configure this application to listen on another port.

2021-03-02 21:29:43.919  WARN 21996 --- [main] JpaBaseConfiguration$JpaWebConfiguration : spring.jpa.open-in-view is enabled by default. Therefore, database queries may be performed during view rendering. Explicitly configure spring.jpa.open-in-view to disable this warning
2021-03-02 21:30:26.820  WARN 21160 --- [main] JpaBaseConfiguration$JpaWebConfiguration : spring.jpa.open-in-view is enabled by default. Therefore, database queries may be performed during view rendering. Explicitly configure spring.jpa.open-in-view to disable this warning
2021-03-02 21:38:55.787  WARN 9032 --- [main] JpaBaseConfiguration$JpaWebConfiguration : spring.jpa.open-in-view is enabled by default. Therefore, database queries may be performed during view rendering. Explicitly configure spring.jpa.open-in-view to disable this warning
2021-03-02 21:39:37.413 DEBUG 9032 --- [http-nio-8080-exec-2] org.hibernate.SQL                        : select next_val as id_val from hibernate_sequence for update
2021-03-02 21:39:37.423 DEBUG 9032 --- [http-nio-8080-exec-2] org.hibernate.SQL                        : update hibernate_sequence set next_val= ? where next_val=?
2021-03-02 21:39:37.441 DEBUG 9032 --- [http-nio-8080-exec-2] org.hibernate.SQL                        : insert into chat (nickname, sessione, id) values (?, ?, ?)
2021-03-02 21:39:37.443 TRACE 9032 --- [http-nio-8080-exec-2] o.h.type.descriptor.sql.BasicBinder      : binding parameter [1] as [VARCHAR] - [felix]
2021-03-02 21:39:37.444 TRACE 9032 --- [http-nio-8080-exec-2] o.h.type.descriptor.sql.BasicBinder      : binding parameter [2] as [VARCHAR] - [0.28568494487605045felix]
2021-03-02 21:39:37.444 TRACE 9032 --- [http-nio-8080-exec-2] o.h.type.descriptor.sql.BasicBinder      : binding parameter [3] as [BIGINT] - [1]
2021-03-02 21:39:37.524 DEBUG 9032 --- [http-nio-8080-exec-2] org.hibernate.SQL                        : select chat0_.id as id1_0_, chat0_.nickname as nickname2_0_, chat0_.sessione as sessione3_0_ from chat chat0_
2021-03-02 21:40:13.832 DEBUG 9032 --- [http-nio-8080-exec-3] org.hibernate.SQL                        : select next_val as id_val from hibernate_sequence for update
2021-03-02 21:40:13.833 DEBUG 9032 --- [http-nio-8080-exec-3] org.hibernate.SQL                        : update hibernate_sequence set next_val= ? where next_val=?
2021-03-02 21:40:13.836 DEBUG 9032 --- [http-nio-8080-exec-3] org.hibernate.SQL                        : insert into chat (nickname, sessione, id) values (?, ?, ?)
2021-03-02 21:40:13.837 TRACE 9032 --- [http-nio-8080-exec-3] o.h.type.descriptor.sql.BasicBinder      : binding parameter [1] as [VARCHAR] - [daniele]
2021-03-02 21:40:13.837 TRACE 9032 --- [http-nio-8080-exec-3] o.h.type.descriptor.sql.BasicBinder      : binding parameter [2] as [VARCHAR] - [0.008538736797529256daniele]
2021-03-02 21:40:13.837 TRACE 9032 --- [http-nio-8080-exec-3] o.h.type.descriptor.sql.BasicBinder      : binding parameter [3] as [BIGINT] - [2]
2021-03-02 21:40:13.841 DEBUG 9032 --- [http-nio-8080-exec-3] org.hibernate.SQL                        : select chat0_.id as id1_0_, chat0_.nickname as nickname2_0_, chat0_.sessione as sessione3_0_ from chat chat0_
2021-03-02 21:45:23.979  WARN 3244 --- [main] JpaBaseConfiguration$JpaWebConfiguration : spring.jpa.open-in-view is enabled by default. Therefore, database queries may be performed during view rendering. Explicitly configure spring.jpa.open-in-view to disable this warning
2021-03-02 21:45:30.210 DEBUG 3244 --- [http-nio-8080-exec-1] org.hibernate.SQL                        : select next_val as id_val from hibernate_sequence for update
2021-03-02 21:45:30.221 DEBUG 3244 --- [http-nio-8080-exec-1] org.hibernate.SQL                        : update hibernate_sequence set next_val= ? where next_val=?
2021-03-02 21:45:30.238 DEBUG 3244 --- [http-nio-8080-exec-1] org.hibernate.SQL                        : insert into chat (nickname, sessione, id) values (?, ?, ?)
2021-03-02 21:45:30.240 TRACE 3244 --- [http-nio-8080-exec-1] o.h.type.descriptor.sql.BasicBinder      : binding parameter [1] as [VARCHAR] - [ciao]
2021-03-02 21:45:30.241 TRACE 3244 --- [http-nio-8080-exec-1] o.h.type.descriptor.sql.BasicBinder      : binding parameter [2] as [VARCHAR] - [0.5856062779250001ciao]
2021-03-02 21:45:30.241 TRACE 3244 --- [http-nio-8080-exec-1] o.h.type.descriptor.sql.BasicBinder      : binding parameter [3] as [BIGINT] - [3]
2021-03-02 21:45:30.319 DEBUG 3244 --- [http-nio-8080-exec-1] org.hibernate.SQL                        : select chat0_.id as id1_0_, chat0_.nickname as nickname2_0_, chat0_.sessione as sessione3_0_ from chat chat0_
2021-03-02 21:45:43.670 DEBUG 3244 --- [http-nio-8080-exec-2] org.hibernate.SQL                        : select next_val as id_val from hibernate_sequence for update
2021-03-02 21:45:43.672 DEBUG 3244 --- [http-nio-8080-exec-2] org.hibernate.SQL                        : update hibernate_sequence set next_val= ? where next_val=?
2021-03-02 21:45:43.676 DEBUG 3244 --- [http-nio-8080-exec-2] org.hibernate.SQL                        : insert into chat (nickname, sessione, id) values (?, ?, ?)
2021-03-02 21:45:43.677 TRACE 3244 --- [http-nio-8080-exec-2] o.h.type.descriptor.sql.BasicBinder      : binding parameter [1] as [VARCHAR] - [ciao]
2021-03-02 21:45:43.677 TRACE 3244 --- [http-nio-8080-exec-2] o.h.type.descriptor.sql.BasicBinder      : binding parameter [2] as [VARCHAR] - [0.3959249953065668ciao]
2021-03-02 21:45:43.678 TRACE 3244 --- [http-nio-8080-exec-2] o.h.type.descriptor.sql.BasicBinder      : binding parameter [3] as [BIGINT] - [4]
2021-03-02 21:45:43.681 DEBUG 3244 --- [http-nio-8080-exec-2] org.hibernate.SQL                        : select chat0_.id as id1_0_, chat0_.nickname as nickname2_0_, chat0_.sessione as sessione3_0_ from chat chat0_
2021-03-02 21:46:00.449 DEBUG 3244 --- [http-nio-8080-exec-3] org.hibernate.SQL                        : select next_val as id_val from hibernate_sequence for update
2021-03-02 21:46:00.450 DEBUG 3244 --- [http-nio-8080-exec-3] org.hibernate.SQL                        : update hibernate_sequence set next_val= ? where next_val=?
2021-03-02 21:46:00.452 DEBUG 3244 --- [http-nio-8080-exec-3] org.hibernate.SQL                        : insert into chat (nickname, sessione, id) values (?, ?, ?)
2021-03-02 21:46:00.452 TRACE 3244 --- [http-nio-8080-exec-3] o.h.type.descriptor.sql.BasicBinder      : binding parameter [1] as [VARCHAR] - [ciao]
2021-03-02 21:46:00.453 TRACE 3244 --- [http-nio-8080-exec-3] o.h.type.descriptor.sql.BasicBinder      : binding parameter [2] as [VARCHAR] - [0.7084482177614897ciao]
2021-03-02 21:46:00.453 TRACE 3244 --- [http-nio-8080-exec-3] o.h.type.descriptor.sql.BasicBinder      : binding parameter [3] as [BIGINT] - [5]
2021-03-02 21:46:00.456 DEBUG 3244 --- [http-nio-8080-exec-3] org.hibernate.SQL                        : select chat0_.id as id1_0_, chat0_.nickname as nickname2_0_, chat0_.sessione as sessione3_0_ from chat chat0_
2021-03-02 21:48:02.543 DEBUG 3244 --- [http-nio-8080-exec-5] org.hibernate.SQL                        : select next_val as id_val from hibernate_sequence for update
2021-03-02 21:48:02.544 DEBUG 3244 --- [http-nio-8080-exec-5] org.hibernate.SQL                        : update hibernate_sequence set next_val= ? where next_val=?
2021-03-02 21:48:02.548 DEBUG 3244 --- [http-nio-8080-exec-5] org.hibernate.SQL                        : insert into chat (nickname, sessione, id) values (?, ?, ?)
2021-03-02 21:48:02.548 TRACE 3244 --- [http-nio-8080-exec-5] o.h.type.descriptor.sql.BasicBinder      : binding parameter [1] as [VARCHAR] - [ciao]
2021-03-02 21:48:02.548 TRACE 3244 --- [http-nio-8080-exec-5] o.h.type.descriptor.sql.BasicBinder      : binding parameter [2] as [VARCHAR] - [0.25090071106548384ciao]
2021-03-02 21:48:02.549 TRACE 3244 --- [http-nio-8080-exec-5] o.h.type.descriptor.sql.BasicBinder      : binding parameter [3] as [BIGINT] - [6]
2021-03-02 21:48:02.553 DEBUG 3244 --- [http-nio-8080-exec-5] org.hibernate.SQL                        : select chat0_.id as id1_0_, chat0_.nickname as nickname2_0_, chat0_.sessione as sessione3_0_ from chat chat0_
2021-03-02 21:48:32.944 DEBUG 3244 --- [http-nio-8080-exec-6] org.hibernate.SQL                        : select next_val as id_val from hibernate_sequence for update
2021-03-02 21:48:32.946 DEBUG 3244 --- [http-nio-8080-exec-6] org.hibernate.SQL                        : update hibernate_sequence set next_val= ? where next_val=?
2021-03-02 21:48:32.951 DEBUG 3244 --- [http-nio-8080-exec-6] org.hibernate.SQL                        : insert into chat (nickname, sessione, id) values (?, ?, ?)
2021-03-02 21:48:32.951 TRACE 3244 --- [http-nio-8080-exec-6] o.h.type.descriptor.sql.BasicBinder      : binding parameter [1] as [VARCHAR] - [ciao]
2021-03-02 21:48:32.952 TRACE 3244 --- [http-nio-8080-exec-6] o.h.type.descriptor.sql.BasicBinder      : binding parameter [2] as [VARCHAR] - [0.1431690574090917ciao]
2021-03-02 21:48:32.952 TRACE 3244 --- [http-nio-8080-exec-6] o.h.type.descriptor.sql.BasicBinder      : binding parameter [3] as [BIGINT] - [7]
2021-03-02 21:48:32.955 DEBUG 3244 --- [http-nio-8080-exec-6] org.hibernate.SQL                        : select chat0_.id as id1_0_, chat0_.nickname as nickname2_0_, chat0_.sessione as sessione3_0_ from chat chat0_
2021-03-02 21:49:06.910 DEBUG 3244 --- [http-nio-8080-exec-7] org.hibernate.SQL                        : select next_val as id_val from hibernate_sequence for update
2021-03-02 21:49:06.912 DEBUG 3244 --- [http-nio-8080-exec-7] org.hibernate.SQL                        : update hibernate_sequence set next_val= ? where next_val=?
2021-03-02 21:49:06.917 DEBUG 3244 --- [http-nio-8080-exec-7] org.hibernate.SQL                        : insert into chat (nickname, sessione, id) values (?, ?, ?)
2021-03-02 21:49:06.918 TRACE 3244 --- [http-nio-8080-exec-7] o.h.type.descriptor.sql.BasicBinder      : binding parameter [1] as [VARCHAR] - [felice]
2021-03-02 21:49:06.918 TRACE 3244 --- [http-nio-8080-exec-7] o.h.type.descriptor.sql.BasicBinder      : binding parameter [2] as [VARCHAR] - [0.5500623096275951felice]
2021-03-02 21:49:06.919 TRACE 3244 --- [http-nio-8080-exec-7] o.h.type.descriptor.sql.BasicBinder      : binding parameter [3] as [BIGINT] - [8]
2021-03-02 21:49:06.922 DEBUG 3244 --- [http-nio-8080-exec-7] org.hibernate.SQL                        : select chat0_.id as id1_0_, chat0_.nickname as nickname2_0_, chat0_.sessione as sessione3_0_ from chat chat0_
2021-03-02 21:49:11.483 DEBUG 3244 --- [http-nio-8080-exec-8] org.hibernate.SQL                        : select next_val as id_val from hibernate_sequence for update
2021-03-02 21:49:11.484 DEBUG 3244 --- [http-nio-8080-exec-8] org.hibernate.SQL                        : update hibernate_sequence set next_val= ? where next_val=?
2021-03-02 21:49:11.488 DEBUG 3244 --- [http-nio-8080-exec-8] org.hibernate.SQL                        : insert into chat (nickname, sessione, id) values (?, ?, ?)
2021-03-02 21:49:11.489 TRACE 3244 --- [http-nio-8080-exec-8] o.h.type.descriptor.sql.BasicBinder      : binding parameter [1] as [VARCHAR] - [daniele]
2021-03-02 21:49:11.489 TRACE 3244 --- [http-nio-8080-exec-8] o.h.type.descriptor.sql.BasicBinder      : binding parameter [2] as [VARCHAR] - [0.11762782824727036daniele]
2021-03-02 21:49:11.490 TRACE 3244 --- [http-nio-8080-exec-8] o.h.type.descriptor.sql.BasicBinder      : binding parameter [3] as [BIGINT] - [9]
2021-03-02 21:49:11.492 DEBUG 3244 --- [http-nio-8080-exec-8] org.hibernate.SQL                        : select chat0_.id as id1_0_, chat0_.nickname as nickname2_0_, chat0_.sessione as sessione3_0_ from chat chat0_
2021-03-02 21:53:17.470  WARN 21008 --- [main] JpaBaseConfiguration$JpaWebConfiguration : spring.jpa.open-in-view is enabled by default. Therefore, database queries may be performed during view rendering. Explicitly configure spring.jpa.open-in-view to disable this warning
2021-03-02 21:53:31.775 DEBUG 21008 --- [http-nio-8080-exec-1] org.hibernate.SQL                        : select next_val as id_val from hibernate_sequence for update
2021-03-02 21:53:31.786 DEBUG 21008 --- [http-nio-8080-exec-1] org.hibernate.SQL                        : update hibernate_sequence set next_val= ? where next_val=?
2021-03-02 21:53:31.803 DEBUG 21008 --- [http-nio-8080-exec-1] org.hibernate.SQL                        : insert into chat (nickname, sessione, id) values (?, ?, ?)
2021-03-02 21:53:31.806 TRACE 21008 --- [http-nio-8080-exec-1] o.h.type.descriptor.sql.BasicBinder      : binding parameter [1] as [VARCHAR] - [ciao]
2021-03-02 21:53:31.807 TRACE 21008 --- [http-nio-8080-exec-1] o.h.type.descriptor.sql.BasicBinder      : binding parameter [2] as [VARCHAR] - [0.7763889934712226ciao]
2021-03-02 21:53:31.807 TRACE 21008 --- [http-nio-8080-exec-1] o.h.type.descriptor.sql.BasicBinder      : binding parameter [3] as [BIGINT] - [10]
2021-03-02 21:53:31.884 DEBUG 21008 --- [http-nio-8080-exec-1] org.hibernate.SQL                        : select chat0_.id as id1_0_, chat0_.nickname as nickname2_0_, chat0_.sessione as sessione3_0_ from chat chat0_
2021-03-02 21:53:37.228 DEBUG 21008 --- [http-nio-8080-exec-2] org.hibernate.SQL                        : select next_val as id_val from hibernate_sequence for update
2021-03-02 21:53:37.229 DEBUG 21008 --- [http-nio-8080-exec-2] org.hibernate.SQL                        : update hibernate_sequence set next_val= ? where next_val=?
2021-03-02 21:53:37.233 DEBUG 21008 --- [http-nio-8080-exec-2] org.hibernate.SQL                        : insert into chat (nickname, sessione, id) values (?, ?, ?)
2021-03-02 21:53:37.233 TRACE 21008 --- [http-nio-8080-exec-2] o.h.type.descriptor.sql.BasicBinder      : binding parameter [1] as [VARCHAR] - [ciao]
2021-03-02 21:53:37.234 TRACE 21008 --- [http-nio-8080-exec-2] o.h.type.descriptor.sql.BasicBinder      : binding parameter [2] as [VARCHAR] - [0.8077098609027754ciao]
2021-03-02 21:53:37.234 TRACE 21008 --- [http-nio-8080-exec-2] o.h.type.descriptor.sql.BasicBinder      : binding parameter [3] as [BIGINT] - [11]
2021-03-02 21:53:37.237 DEBUG 21008 --- [http-nio-8080-exec-2] org.hibernate.SQL                        : select chat0_.id as id1_0_, chat0_.nickname as nickname2_0_, chat0_.sessione as sessione3_0_ from chat chat0_
2021-03-02 21:55:10.973 DEBUG 21008 --- [http-nio-8080-exec-4] org.hibernate.SQL                        : select next_val as id_val from hibernate_sequence for update
2021-03-02 21:55:10.974 DEBUG 21008 --- [http-nio-8080-exec-4] org.hibernate.SQL                        : update hibernate_sequence set next_val= ? where next_val=?
2021-03-02 21:55:10.976 DEBUG 21008 --- [http-nio-8080-exec-4] org.hibernate.SQL                        : insert into chat (nickname, sessione, id) values (?, ?, ?)
2021-03-02 21:55:10.977 TRACE 21008 --- [http-nio-8080-exec-4] o.h.type.descriptor.sql.BasicBinder      : binding parameter [1] as [VARCHAR] - [dsjfk]
2021-03-02 21:55:10.977 TRACE 21008 --- [http-nio-8080-exec-4] o.h.type.descriptor.sql.BasicBinder      : binding parameter [2] as [VARCHAR] - [0.6110956942845905dsjfk]
2021-03-02 21:55:10.977 TRACE 21008 --- [http-nio-8080-exec-4] o.h.type.descriptor.sql.BasicBinder      : binding parameter [3] as [BIGINT] - [12]
2021-03-02 21:55:10.981 DEBUG 21008 --- [http-nio-8080-exec-4] org.hibernate.SQL                        : select chat0_.id as id1_0_, chat0_.nickname as nickname2_0_, chat0_.sessione as sessione3_0_ from chat chat0_
2021-03-02 21:55:14.296 DEBUG 21008 --- [http-nio-8080-exec-5] org.hibernate.SQL                        : select next_val as id_val from hibernate_sequence for update
2021-03-02 21:55:14.298 DEBUG 21008 --- [http-nio-8080-exec-5] org.hibernate.SQL                        : update hibernate_sequence set next_val= ? where next_val=?
2021-03-02 21:55:14.301 DEBUG 21008 --- [http-nio-8080-exec-5] org.hibernate.SQL                        : insert into chat (nickname, sessione, id) values (?, ?, ?)
2021-03-02 21:55:14.302 TRACE 21008 --- [http-nio-8080-exec-5] o.h.type.descriptor.sql.BasicBinder      : binding parameter [1] as [VARCHAR] - [sdasdasd]
2021-03-02 21:55:14.302 TRACE 21008 --- [http-nio-8080-exec-5] o.h.type.descriptor.sql.BasicBinder      : binding parameter [2] as [VARCHAR] - [0.5013571869030783sdasdasd]
2021-03-02 21:55:14.303 TRACE 21008 --- [http-nio-8080-exec-5] o.h.type.descriptor.sql.BasicBinder      : binding parameter [3] as [BIGINT] - [13]
2021-03-02 21:55:14.307 DEBUG 21008 --- [http-nio-8080-exec-5] org.hibernate.SQL                        : select chat0_.id as id1_0_, chat0_.nickname as nickname2_0_, chat0_.sessione as sessione3_0_ from chat chat0_
2021-03-02 21:55:22.639 DEBUG 21008 --- [http-nio-8080-exec-6] org.hibernate.SQL                        : select chat0_.id as id1_0_, chat0_.nickname as nickname2_0_, chat0_.sessione as sessione3_0_ from chat chat0_
2021-03-02 21:55:38.752 DEBUG 21008 --- [http-nio-8080-exec-7] org.hibernate.SQL                        : select chat0_.id as id1_0_, chat0_.nickname as nickname2_0_, chat0_.sessione as sessione3_0_ from chat chat0_
2021-03-02 21:55:40.551 DEBUG 21008 --- [http-nio-8080-exec-8] org.hibernate.SQL                        : select chat0_.id as id1_0_, chat0_.nickname as nickname2_0_, chat0_.sessione as sessione3_0_ from chat chat0_
